Using pre-set license
Built from '2020.3/staging' branch; Version is '2020.3.0f1 (c7b5465681fb) revision 13088070'; Using compiler version '192528614'; Build Type 'Release'
OS: 'Windows 10 Home Single Language; OS build 19042.1052; Version 2009; 64bit' Language: 'en' Physical Memory: 8066 MB
BatchMode: 1, IsHumanControllingUs: 0, StartBugReporterOnCrash: 0, Is64bit: 1, IsPro: 0

 COMMAND LINE ARGUMENTS:
C:\Program Files\Unity\Hub\Editor\2020.3.0f1\Editor\Unity.exe
-adb2
-batchMode
-noUpm
-name
AssetImportWorker0
-projectPath
D:/UnitySSDsavefiles/ProcedurePlanet
-logFile
Logs/AssetImportWorker0.log
-srvPort
59947
Successfully changed project path to: D:/UnitySSDsavefiles/ProcedurePlanet
D:/UnitySSDsavefiles/ProcedurePlanet
Using Asset Import Pipeline V2.
Refreshing native plugins compatible for Editor in 45.85 ms, found 0 plugins.
Preloading 0 native plugins for Editor in 0.00 ms.
Initialize engine version: 2020.3.0f1 (c7b5465681fb)
[Subsystems] Discovering subsystems at path C:/Program Files/Unity/Hub/Editor/2020.3.0f1/Editor/Data/Resources/UnitySubsystems
[Subsystems] Discovering subsystems at path D:/UnitySSDsavefiles/ProcedurePlanet/Assets
GfxDevice: creating device client; threaded=0
Direct3D:
    Version:  Direct3D 11.0 [level 11.1]
    Renderer: NVIDIA GeForce MX150 (ID=0x1d10)
    Vendor:   
    VRAM:     4027 MB
    Driver:   27.21.14.5749
Initialize mono
Mono path[0] = 'C:/Program Files/Unity/Hub/Editor/2020.3.0f1/Editor/Data/Managed'
Mono path[1] = 'C:/Program Files/Unity/Hub/Editor/2020.3.0f1/Editor/Data/MonoBleedingEdge/lib/mono/unityjit'
Mono config path = 'C:/Program Files/Unity/Hub/Editor/2020.3.0f1/Editor/Data/MonoBleedingEdge/etc'
Using monoOptions --debugger-agent=transport=dt_socket,embedding=1,server=y,suspend=n,address=127.0.0.1:56056
Begin MonoManager ReloadAssembly
Registering precompiled unity dll's ...
Register platform support module: C:/Program Files/Unity/Hub/Editor/2020.3.0f1/Editor/Data/PlaybackEngines/WindowsStandaloneSupport/UnityEditor.WindowsStandalone.Extensions.dll
Registered in 0.001955 seconds.
Native extension for WindowsStandalone target not found
Refreshing native plugins compatible for Editor in 53.27 ms, found 0 plugins.
Preloading 0 native plugins for Editor in 0.00 ms.
Invoked RoslynAnalysisRunner static constructor.
RoslynAnalysisRunner will not be running.
RoslynAnalysisRunner has terminated.
Mono: successfully reloaded assembly
- Completed reload, in  1.946 seconds
Platform modules already initialized, skipping
Registering precompiled user dll's ...
Registered in 0.001150 seconds.
Begin MonoManager ReloadAssembly
Native extension for WindowsStandalone target not found
Refreshing native plugins compatible for Editor in 97.46 ms, found 0 plugins.
Preloading 0 native plugins for Editor in 0.00 ms.
Invoked RoslynAnalysisRunner static constructor.
RoslynAnalysisRunner will not be running.
RoslynAnalysisRunner has terminated.
Mono: successfully reloaded assembly
- Completed reload, in  2.144 seconds
Platform modules already initialized, skipping
========================================================================
Worker process is ready to serve import requests
Shader 'Universal Render Pipeline/Particles/Lit': fallback shader 'Universal Render Pipeline/Particles/SimpleLit' not found
Shader 'Universal Render Pipeline/Particles/Lit': fallback shader 'Universal Render Pipeline/Particles/SimpleLit' not found
Launched and connected shader compiler UnityShaderCompiler.exe after 0.05 seconds
Refreshing native plugins compatible for Editor in 0.45 ms, found 0 plugins.
Preloading 0 native plugins for Editor in 0.00 ms.
Unloading 2436 Unused Serialized files (Serialized files now loaded: 0)
System memory in use before: 112.8 MB.
System memory in use after: 110.6 MB.

Unloading 43 unused Assets to reduce memory usage. Loaded Objects now: 2847.
Total: 3.675000 ms (FindLiveObjects: 0.286800 ms CreateObjectMapping: 0.115100 ms MarkObjects: 1.961200 ms  DeleteObjects: 1.310400 ms)

========================================================================
Received Import Request.
  path: Assets/Scripts/OnStart
  artifactKey: Guid(156066a3836becf428d810b2476f5ee8) Importer(815301076,1909f56bfc062723c751e8b465ee728b)
Start importing Assets/Scripts/OnStart using Guid(156066a3836becf428d810b2476f5ee8) Importer(815301076,1909f56bfc062723c751e8b465ee728b)  -> (artifact id: '8797493ecb8347ecff33ffe6a9fa7ed6') in 0.008899 seconds
  Import took 0.013439 seconds .

========================================================================
Received Import Request.
  Time since last request: 0.000341 seconds.
  path: Assets/Scripts/ColourSettings.cs
  artifactKey: Guid(92cfe8266e10e70409469e3a47fbd38d) Importer(815301076,1909f56bfc062723c751e8b465ee728b)
Start importing Assets/Scripts/ColourSettings.cs using Guid(92cfe8266e10e70409469e3a47fbd38d) Importer(815301076,1909f56bfc062723c751e8b465ee728b)  -> (artifact id: '7f8a07d7a529ff55173f3d6b5d8fe95e') in 0.022154 seconds
  Import took 0.026884 seconds .

========================================================================
Received Import Request.
  Time since last request: 14.942238 seconds.
  path: Assets/Scripts/OnStart/PlanetGenerateOnStart.cs
  artifactKey: Guid(ce13d6bf4b03dc2418584e5192daa834) Importer(815301076,1909f56bfc062723c751e8b465ee728b)
Start importing Assets/Scripts/OnStart/PlanetGenerateOnStart.cs using Guid(ce13d6bf4b03dc2418584e5192daa834) Importer(815301076,1909f56bfc062723c751e8b465ee728b)  -> (artifact id: 'cde6c33b66392973747fbcae28210ebc') in 0.006972 seconds
  Import took 0.012048 seconds .

========================================================================
Received Import Request.
  Time since last request: 0.037884 seconds.
  path: Assets/Scripts/ColourGenerator.cs
  artifactKey: Guid(d19711b174b4e5942845c94058c150c7) Importer(815301076,1909f56bfc062723c751e8b465ee728b)
Start importing Assets/Scripts/ColourGenerator.cs using Guid(d19711b174b4e5942845c94058c150c7) Importer(815301076,1909f56bfc062723c751e8b465ee728b)  -> (artifact id: 'f4aeacc4eee106f4635bfb6977bbfdef') in 0.002322 seconds
  Import took 0.007870 seconds .

========================================================================
Received Prepare
Registering precompiled user dll's ...
Registered in 0.002092 seconds.
Begin MonoManager ReloadAssembly
Native extension for WindowsStandalone target not found
Refreshing native plugins compatible for Editor in 0.42 ms, found 0 plugins.
Preloading 0 native plugins for Editor in 0.00 ms.
Invoked RoslynAnalysisRunner static constructor.
RoslynAnalysisRunner will not be running.
RoslynAnalysisRunner has terminated.
Mono: successfully reloaded assembly
- Completed reload, in  1.218 seconds
Platform modules already initialized, skipping
Shader 'Universal Render Pipeline/Particles/Lit': fallback shader 'Universal Render Pipeline/Particles/SimpleLit' not found
Shader 'Universal Render Pipeline/Particles/Lit': fallback shader 'Universal Render Pipeline/Particles/SimpleLit' not found
Refreshing native plugins compatible for Editor in 0.43 ms, found 0 plugins.
Preloading 0 native plugins for Editor in 0.00 ms.
Unloading 2359 Unused Serialized files (Serialized files now loaded: 0)
System memory in use before: 109.5 MB.
System memory in use after: 107.3 MB.

Unloading 38 unused Assets to reduce memory usage. Loaded Objects now: 2851.
Total: 3.711400 ms (FindLiveObjects: 0.224200 ms CreateObjectMapping: 0.082100 ms MarkObjects: 2.080300 ms  DeleteObjects: 1.323400 ms)

========================================================================
Received Prepare
Registering precompiled user dll's ...
Registered in 0.001162 seconds.
Begin MonoManager ReloadAssembly
Native extension for WindowsStandalone target not found
Refreshing native plugins compatible for Editor in 0.81 ms, found 0 plugins.
Preloading 0 native plugins for Editor in 0.00 ms.
Invoked RoslynAnalysisRunner static constructor.
RoslynAnalysisRunner will not be running.
RoslynAnalysisRunner has terminated.
Mono: successfully reloaded assembly
- Completed reload, in  1.719 seconds
Platform modules already initialized, skipping
Shader 'Universal Render Pipeline/Particles/Lit': fallback shader 'Universal Render Pipeline/Particles/SimpleLit' not found
Shader 'Universal Render Pipeline/Particles/Lit': fallback shader 'Universal Render Pipeline/Particles/SimpleLit' not found
Refreshing native plugins compatible for Editor in 0.68 ms, found 0 plugins.
Preloading 0 native plugins for Editor in 0.00 ms.
Unloading 2359 Unused Serialized files (Serialized files now loaded: 0)
System memory in use before: 109.5 MB.
System memory in use after: 107.4 MB.

Unloading 38 unused Assets to reduce memory usage. Loaded Objects now: 2854.
Total: 7.637000 ms (FindLiveObjects: 0.596700 ms CreateObjectMapping: 0.400300 ms MarkObjects: 3.611200 ms  DeleteObjects: 3.026000 ms)

========================================================================
Received Import Request.
  Time since last request: 61.875698 seconds.
  path: Assets/Scripts/OnStart/PlanetGenerateOnStart.cs
  artifactKey: Guid(ce13d6bf4b03dc2418584e5192daa834) Importer(815301076,1909f56bfc062723c751e8b465ee728b)
Start importing Assets/Scripts/OnStart/PlanetGenerateOnStart.cs using Guid(ce13d6bf4b03dc2418584e5192daa834) Importer(815301076,1909f56bfc062723c751e8b465ee728b)  -> (artifact id: 'def489112df1bb95a78d7c4e66a334b5') in 0.007663 seconds
  Import took 0.016923 seconds .

========================================================================
Received Prepare
Registering precompiled user dll's ...
Registered in 0.001135 seconds.
Begin MonoManager ReloadAssembly
Native extension for WindowsStandalone target not found
Refreshing native plugins compatible for Editor in 0.43 ms, found 0 plugins.
Preloading 0 native plugins for Editor in 0.00 ms.
Invoked RoslynAnalysisRunner static constructor.
RoslynAnalysisRunner will not be running.
RoslynAnalysisRunner has terminated.
Mono: successfully reloaded assembly
- Completed reload, in  0.906 seconds
Platform modules already initialized, skipping
Shader 'Universal Render Pipeline/Particles/Lit': fallback shader 'Universal Render Pipeline/Particles/SimpleLit' not found
Shader 'Universal Render Pipeline/Particles/Lit': fallback shader 'Universal Render Pipeline/Particles/SimpleLit' not found
Refreshing native plugins compatible for Editor in 0.42 ms, found 0 plugins.
Preloading 0 native plugins for Editor in 0.00 ms.
Unloading 2359 Unused Serialized files (Serialized files now loaded: 0)
System memory in use before: 109.6 MB.
System memory in use after: 107.4 MB.

Unloading 38 unused Assets to reduce memory usage. Loaded Objects now: 2857.
Total: 3.580000 ms (FindLiveObjects: 0.245200 ms CreateObjectMapping: 0.102800 ms MarkObjects: 1.822400 ms  DeleteObjects: 1.408400 ms)

AssetImportWorkerClient::OnTransportError - code=2 error=End of file
